        -:    0:Source:D:/malen/Deskpot/TPI/testEnunciado/corregirViajeTEST.cpp
        -:    0:Graph:D:\malen\Deskpot\TPI\cmake-build-debug\CMakeFiles\tpi.dir\testEnunciado\corregirViajeTEST.gcno
        -:    0:Data:D:\malen\Deskpot\TPI\cmake-build-debug\CMakeFiles\tpi.dir\testEnunciado\corregirViajeTEST.gcda
        -:    0:Runs:1
        -:    1:#include "../ejercicios.h"
        -:    2:#include "../auxiliares.h"
        -:    3:#include "gtest/gtest.h"
        -:    4:
        -:    5:using namespace std;
        -:    6:
        2:    7:TEST(corregirViajeTEST, faltaElUltimo){
        1:    8:    viaje v = {medicion(T0+0, puntoGps(-34.588910, -58.405075)),
        1:    9:               medicion(T0+30, puntoGps(-34.591586, -58.401064)),
        1:   10:               medicion(T0+494, puntoGps(-34.563746, -58.436637)),
        1:   11:               medicion(T0+999, puntoGps(-34.549657, -58.437327)),
        1:   12:               medicion(T0+92, puntoGps(-34.594553, -58.402426)),
        1:   13:               medicion(T0+65, puntoGps(-34.590787, -58.402222)),
        1:   14:               medicion(T0+230, puntoGps(-34.584572, -58.416942)),
        1:   15:               medicion(T0+873, puntoGps(-34.559236, -58.427499)),
        1:   16:               medicion(T0+675, puntoGps(-34.578941, -58.424878)),
        9:   17:               medicion(T0+1051, puntoGps(0, 0))};
        -:   18:
        1:   19:    viaje res = {medicion(T0+0, puntoGps(-34.588910, -58.405075)),
        1:   20:                 medicion(T0+30, puntoGps(-34.591586, -58.401064)),
        1:   21:                 medicion(T0+494, puntoGps(-34.563746, -58.436637)),
        1:   22:                 medicion(T0+999, puntoGps(-34.549657, -58.437327)),
        1:   23:                 medicion(T0+92, puntoGps(-34.594553, -58.402426)),
        1:   24:                 medicion(T0+65, puntoGps(-34.590787, -58.402222)),
        1:   25:                 medicion(T0+230, puntoGps(-34.584572, -58.416942)),
        1:   26:                 medicion(T0+873, puntoGps(-34.559236, -58.427499)),
        1:   27:                 medicion(T0+675, puntoGps(-34.578941, -58.424878)),
        9:   28:                 medicion(T0+1051, puntoGps(-34.545704, -58.441383))};
        1:   29:    vector<tiempo> errores = {T0+1051};
        -:   30:
        1:   31:    corregirViaje(v, errores);
       1*:   32:    EXPECT_EQ(v.size(),res.size());
        -:   33:
       11:   34:    for (int i = 0; i < res.size(); ++i) {
      10*:   35:        EXPECT_NEAR(obtenerLatitud(obtenerPosicion(v[i])),
       10:   36:                    obtenerLatitud(obtenerPosicion(res[i])), 0.00001);
      10*:   37:        EXPECT_NEAR(obtenerLongitud(obtenerPosicion(v[i])),
       10:   38:                    obtenerLongitud(obtenerPosicion(res[i])), 0.00001);
      10*:   39:        EXPECT_EQ(obtenerTiempo(v[i]),obtenerTiempo(res[i]));
        -:   40:    }
        1:   41:}
------------------
_ZN36corregirViajeTEST_faltaElUltimo_Test8TestBodyEv:
function _ZN36corregirViajeTEST_faltaElUltimo_Test8TestBodyEv called 1 returned 100% blocks executed 39%
        1:    7:TEST(corregirViajeTEST, faltaElUltimo){
        1:    8:    viaje v = {medicion(T0+0, puntoGps(-34.588910, -58.405075)),
        1:    8-block  0
call    0 returned 1
branch  1 taken 1 (fallthrough)
branch  2 taken 0 (throw)
    $$$$$:    8-block  1
        1:    9:               medicion(T0+30, puntoGps(-34.591586, -58.401064)),
        1:    9-block  0
call    0 returned 1
branch  1 taken 1 (fallthrough)
branch  2 taken 0 (throw)
    $$$$$:    9-block  1
        1:   10:               medicion(T0+494, puntoGps(-34.563746, -58.436637)),
        1:   10-block  0
call    0 returned 1
branch  1 taken 1 (fallthrough)
branch  2 taken 0 (throw)
    $$$$$:   10-block  1
        1:   11:               medicion(T0+999, puntoGps(-34.549657, -58.437327)),
        1:   11-block  0
call    0 returned 1
branch  1 taken 1 (fallthrough)
branch  2 taken 0 (throw)
    $$$$$:   11-block  1
        1:   12:               medicion(T0+92, puntoGps(-34.594553, -58.402426)),
        1:   12-block  0
call    0 returned 1
branch  1 taken 1 (fallthrough)
branch  2 taken 0 (throw)
    $$$$$:   12-block  1
        1:   13:               medicion(T0+65, puntoGps(-34.590787, -58.402222)),
        1:   13-block  0
call    0 returned 1
branch  1 taken 1 (fallthrough)
branch  2 taken 0 (throw)
    $$$$$:   13-block  1
        1:   14:               medicion(T0+230, puntoGps(-34.584572, -58.416942)),
        1:   14-block  0
call    0 returned 1
branch  1 taken 1 (fallthrough)
branch  2 taken 0 (throw)
    $$$$$:   14-block  1
        1:   15:               medicion(T0+873, puntoGps(-34.559236, -58.427499)),
        1:   15-block  0
call    0 returned 1
branch  1 taken 1 (fallthrough)
branch  2 taken 0 (throw)
    $$$$$:   15-block  1
        1:   16:               medicion(T0+675, puntoGps(-34.578941, -58.424878)),
        1:   16-block  0
call    0 returned 1
branch  1 taken 1 (fallthrough)
branch  2 taken 0 (throw)
    $$$$$:   16-block  1
        9:   17:               medicion(T0+1051, puntoGps(0, 0))};
        1:   17-block  0
call    0 returned 1
branch  1 taken 1 (fallthrough)
branch  2 taken 0 (throw)
        1:   17-block  1
call    3 returned 1
branch  4 taken 1 (fallthrough)
branch  5 taken 0 (throw)
        1:   17-block  2
call    6 returned 1
branch  7 taken 1 (fallthrough)
branch  8 taken 0 (throw)
        1:   17-block  3
call    9 returned 1
branch 10 taken 1 (fallthrough)
branch 11 taken 0 (throw)
        1:   17-block  4
call   12 returned 1
branch 13 taken 1 (fallthrough)
branch 14 taken 0 (throw)
        1:   17-block  5
call   15 returned 1
branch 16 taken 1 (fallthrough)
branch 17 taken 0 (throw)
        1:   17-block  6
call   18 returned 1
branch 19 taken 1 (fallthrough)
branch 20 taken 0 (throw)
        1:   17-block  7
call   21 returned 1
branch 22 taken 1 (fallthrough)
branch 23 taken 0 (throw)
        1:   17-block  8
call   24 returned 1
branch 25 taken 1 (fallthrough)
branch 26 taken 0 (throw)
        1:   17-block  9
call   27 returned 1
branch 28 taken 1 (fallthrough)
branch 29 taken 0 (throw)
        1:   17-block 10
call   30 returned 1
branch 31 taken 1 (fallthrough)
branch 32 taken 0 (throw)
        1:   17-block 11
call   33 returned 1
call   34 returned 1
branch 35 taken 1 (fallthrough)
branch 36 taken 0 (throw)
    $$$$$:   17-block 12
    $$$$$:   17-block 13
    $$$$$:   17-block 14
        -:   18:
        1:   19:    viaje res = {medicion(T0+0, puntoGps(-34.588910, -58.405075)),
call    0 returned 1
branch  1 taken 1 (fallthrough)
branch  2 taken 0 (throw)
    $$$$$:   19-block  0
        1:   20:                 medicion(T0+30, puntoGps(-34.591586, -58.401064)),
        1:   20-block  0
call    0 returned 1
branch  1 taken 1 (fallthrough)
branch  2 taken 0 (throw)
    $$$$$:   20-block  1
        1:   21:                 medicion(T0+494, puntoGps(-34.563746, -58.436637)),
        1:   21-block  0
call    0 returned 1
branch  1 taken 1 (fallthrough)
branch  2 taken 0 (throw)
    $$$$$:   21-block  1
        1:   22:                 medicion(T0+999, puntoGps(-34.549657, -58.437327)),
        1:   22-block  0
call    0 returned 1
branch  1 taken 1 (fallthrough)
branch  2 taken 0 (throw)
    $$$$$:   22-block  1
        1:   23:                 medicion(T0+92, puntoGps(-34.594553, -58.402426)),
        1:   23-block  0
call    0 returned 1
branch  1 taken 1 (fallthrough)
branch  2 taken 0 (throw)
    $$$$$:   23-block  1
        1:   24:                 medicion(T0+65, puntoGps(-34.590787, -58.402222)),
        1:   24-block  0
call    0 returned 1
branch  1 taken 1 (fallthrough)
branch  2 taken 0 (throw)
    $$$$$:   24-block  1
        1:   25:                 medicion(T0+230, puntoGps(-34.584572, -58.416942)),
        1:   25-block  0
call    0 returned 1
branch  1 taken 1 (fallthrough)
branch  2 taken 0 (throw)
    $$$$$:   25-block  1
        1:   26:                 medicion(T0+873, puntoGps(-34.559236, -58.427499)),
        1:   26-block  0
call    0 returned 1
branch  1 taken 1 (fallthrough)
branch  2 taken 0 (throw)
    $$$$$:   26-block  1
        1:   27:                 medicion(T0+675, puntoGps(-34.578941, -58.424878)),
        1:   27-block  0
call    0 returned 1
branch  1 taken 1 (fallthrough)
branch  2 taken 0 (throw)
    $$$$$:   27-block  1
        9:   28:                 medicion(T0+1051, puntoGps(-34.545704, -58.441383))};
        1:   28-block  0
call    0 returned 1
branch  1 taken 1 (fallthrough)
branch  2 taken 0 (throw)
        1:   28-block  1
call    3 returned 1
branch  4 taken 1 (fallthrough)
branch  5 taken 0 (throw)
        1:   28-block  2
call    6 returned 1
branch  7 taken 1 (fallthrough)
branch  8 taken 0 (throw)
        1:   28-block  3
call    9 returned 1
branch 10 taken 1 (fallthrough)
branch 11 taken 0 (throw)
        1:   28-block  4
call   12 returned 1
branch 13 taken 1 (fallthrough)
branch 14 taken 0 (throw)
        1:   28-block  5
call   15 returned 1
branch 16 taken 1 (fallthrough)
branch 17 taken 0 (throw)
        1:   28-block  6
call   18 returned 1
branch 19 taken 1 (fallthrough)
branch 20 taken 0 (throw)
        1:   28-block  7
call   21 returned 1
branch 22 taken 1 (fallthrough)
branch 23 taken 0 (throw)
        1:   28-block  8
call   24 returned 1
branch 25 taken 1 (fallthrough)
branch 26 taken 0 (throw)
        1:   28-block  9
call   27 returned 1
branch 28 taken 1 (fallthrough)
branch 29 taken 0 (throw)
        1:   28-block 10
call   30 returned 1
branch 31 taken 1 (fallthrough)
branch 32 taken 0 (throw)
        1:   28-block 11
call   33 returned 1
call   34 returned 1
branch 35 taken 1 (fallthrough)
branch 36 taken 0 (throw)
    $$$$$:   28-block 12
    $$$$$:   28-block 13
    $$$$$:   28-block 14
        1:   29:    vector<tiempo> errores = {T0+1051};
call    0 returned 1
call    1 returned 1
branch  2 taken 1 (fallthrough)
branch  3 taken 0 (throw)
    $$$$$:   29-block  0
    $$$$$:   29-block  1
        -:   30:
        1:   31:    corregirViaje(v, errores);
call    0 returned 1
branch  1 taken 1 (fallthrough)
branch  2 taken 0 (throw)
        1:   31-block  0
call    3 returned 1
branch  4 taken 1 (fallthrough)
branch  5 taken 0 (throw)
        1:   31-block  1
call    6 returned 1
    $$$$$:   31-block  2
call    7 never executed
    $$$$$:   31-block  3
       1*:   32:    EXPECT_EQ(v.size(),res.size());
call    0 returned 1
call    1 returned 1
call    2 returned 1
branch  3 taken 1 (fallthrough)
branch  4 taken 0 (throw)
        1:   32-block  0
call    5 returned 1
branch  6 taken 0 (fallthrough)
branch  7 taken 1
    %%%%%:   32-block  1
call    8 never executed
branch  9 never executed
branch 10 never executed
    %%%%%:   32-block  2
call   11 never executed
branch 12 never executed
branch 13 never executed
    %%%%%:   32-block  3
call   14 never executed
branch 15 never executed
branch 16 never executed
    %%%%%:   32-block  4
call   17 never executed
branch 18 never executed
branch 19 never executed
    %%%%%:   32-block  5
call   20 never executed
call   21 never executed
        1:   32-block  6
call   22 returned 1
    $$$$$:   32-block  7
    $$$$$:   32-block  8
    $$$$$:   32-block  9
call   23 never executed
    $$$$$:   32-block 10
    $$$$$:   32-block 11
call   24 never executed
    $$$$$:   32-block 12
    $$$$$:   32-block 13
call   25 never executed
        -:   33:
       11:   34:    for (int i = 0; i < res.size(); ++i) {
       11:   34-block  0
call    0 returned 11
branch  1 taken 10
branch  2 taken 1 (fallthrough)
      10*:   35:        EXPECT_NEAR(obtenerLatitud(obtenerPosicion(v[i])),
       10:   35-block  0
call    0 returned 10
call    1 returned 10
branch  2 taken 10 (fallthrough)
branch  3 taken 0 (throw)
       10:   35-block  1
call    4 returned 10
branch  5 taken 10 (fallthrough)
branch  6 taken 0 (throw)
       10:   35-block  2
call    7 returned 10
call    8 returned 10
branch  9 taken 10 (fallthrough)
branch 10 taken 0 (throw)
       10:   35-block  3
call   11 returned 10
branch 12 taken 10 (fallthrough)
branch 13 taken 0 (throw)
       10:   35-block  4
call   14 returned 10
branch 15 taken 10 (fallthrough)
branch 16 taken 0 (throw)
       10:   35-block  5
call   17 returned 10
branch 18 taken 0 (fallthrough)
branch 19 taken 10
    %%%%%:   35-block  6
call   20 never executed
branch 21 never executed
branch 22 never executed
    %%%%%:   35-block  7
call   23 never executed
branch 24 never executed
branch 25 never executed
    %%%%%:   35-block  8
call   26 never executed
branch 27 never executed
branch 28 never executed
    %%%%%:   35-block  9
call   29 never executed
branch 30 never executed
branch 31 never executed
    %%%%%:   35-block 10
call   32 never executed
call   33 never executed
    $$$$$:   35-block 11
    $$$$$:   35-block 12
    $$$$$:   35-block 13
call   34 never executed
    $$$$$:   35-block 14
    $$$$$:   35-block 15
call   35 never executed
    $$$$$:   35-block 16
       10:   36:                    obtenerLatitud(obtenerPosicion(res[i])), 0.00001);
       10:   36-block  0
call    0 returned 10
    $$$$$:   36-block  1
call    1 never executed
      10*:   37:        EXPECT_NEAR(obtenerLongitud(obtenerPosicion(v[i])),
call    0 returned 10
call    1 returned 10
branch  2 taken 10 (fallthrough)
branch  3 taken 0 (throw)
       10:   37-block  0
call    4 returned 10
branch  5 taken 10 (fallthrough)
branch  6 taken 0 (throw)
       10:   37-block  1
call    7 returned 10
call    8 returned 10
branch  9 taken 10 (fallthrough)
branch 10 taken 0 (throw)
       10:   37-block  2
call   11 returned 10
branch 12 taken 10 (fallthrough)
branch 13 taken 0 (throw)
       10:   37-block  3
call   14 returned 10
branch 15 taken 10 (fallthrough)
branch 16 taken 0 (throw)
       10:   37-block  4
call   17 returned 10
branch 18 taken 0 (fallthrough)
branch 19 taken 10
    %%%%%:   37-block  5
call   20 never executed
branch 21 never executed
branch 22 never executed
    %%%%%:   37-block  6
call   23 never executed
branch 24 never executed
branch 25 never executed
    %%%%%:   37-block  7
call   26 never executed
branch 27 never executed
branch 28 never executed
    %%%%%:   37-block  8
call   29 never executed
branch 30 never executed
branch 31 never executed
    %%%%%:   37-block  9
call   32 never executed
call   33 never executed
    $$$$$:   37-block 10
    $$$$$:   37-block 11
    $$$$$:   37-block 12
call   34 never executed
    $$$$$:   37-block 13
    $$$$$:   37-block 14
call   35 never executed
    $$$$$:   37-block 15
       10:   38:                    obtenerLongitud(obtenerPosicion(res[i])), 0.00001);
       10:   38-block  0
call    0 returned 10
    $$$$$:   38-block  1
call    1 never executed
      10*:   39:        EXPECT_EQ(obtenerTiempo(v[i]),obtenerTiempo(res[i]));
call    0 returned 10
call    1 returned 10
branch  2 taken 10 (fallthrough)
branch  3 taken 0 (throw)
       10:   39-block  0
call    4 returned 10
call    5 returned 10
branch  6 taken 10 (fallthrough)
branch  7 taken 0 (throw)
       10:   39-block  1
call    8 returned 10
branch  9 taken 10 (fallthrough)
branch 10 taken 0 (throw)
       10:   39-block  2
call   11 returned 10
branch 12 taken 0 (fallthrough)
branch 13 taken 10
    %%%%%:   39-block  3
call   14 never executed
branch 15 never executed
branch 16 never executed
    %%%%%:   39-block  4
call   17 never executed
branch 18 never executed
branch 19 never executed
    %%%%%:   39-block  5
call   20 never executed
branch 21 never executed
branch 22 never executed
    %%%%%:   39-block  6
call   23 never executed
branch 24 never executed
branch 25 never executed
    %%%%%:   39-block  7
call   26 never executed
call   27 never executed
       10:   39-block  8
call   28 returned 10
    $$$$$:   39-block  9
    $$$$$:   39-block 10
    $$$$$:   39-block 11
call   29 never executed
    $$$$$:   39-block 12
    $$$$$:   39-block 13
call   30 never executed
    $$$$$:   39-block 14
    $$$$$:   39-block 15
call   31 never executed
        -:   40:    }
        1:   41:}
        1:   41-block  0
call    0 returned 1
call    1 returned 1
call    2 returned 1
    $$$$$:   41-block  1
call    3 never executed
    $$$$$:   41-block  2
call    4 never executed
    $$$$$:   41-block  3
call    5 never executed
------------------
_ZN36corregirViajeTEST_faltaElUltimo_TestC1Ev:
function _ZN36corregirViajeTEST_faltaElUltimo_TestC1Ev called 1 returned 100% blocks executed 100%
        1:    7:TEST(corregirViajeTEST, faltaElUltimo){
        1:    7-block  0
call    0 returned 1
------------------
        -:   42:
        -:   43:
        -:   44:
        -:   45:
