        -:    0:Source:D:/malen/Deskpot/TPI/testEnunciado/distanciaTotalTEST.cpp
        -:    0:Graph:D:\malen\Deskpot\TPI\cmake-build-debug\CMakeFiles\tpi.dir\testEnunciado\distanciaTotalTEST.gcno
        -:    0:Data:D:\malen\Deskpot\TPI\cmake-build-debug\CMakeFiles\tpi.dir\testEnunciado\distanciaTotalTEST.gcda
        -:    0:Runs:1
        -:    1:#include "../ejercicios.h"
        -:    2:#include "../auxiliares.h"
        -:    3:#include "gtest/gtest.h"
        -:    4:
        -:    5:using namespace std;
        -:    6:
        2:    7:TEST(distanciaTotalTEST, viajeDesordenado){
        1:    8:    gps p1 = puntoGps(-33, -34);
        1:    9:    gps p2 = desviarPunto(p1, 2000, 0);
        1:   10:    gps p3 = desviarPunto(p2, 2000, 0);
        -:   11:
        -:   12:    viaje v = {medicion(1.6, p2),
        -:   13:               medicion(1.5, p1),
        1:   14:               medicion(1.7, p3)};
        -:   15:
       2*:   16:    EXPECT_NEAR(distanciaTotal(v), 4.0, 0.01);
        1:   17:}
------------------
_ZN40distanciaTotalTEST_viajeDesordenado_Test8TestBodyEv:
function _ZN40distanciaTotalTEST_viajeDesordenado_Test8TestBodyEv called 1 returned 100% blocks executed 40%
        1:    7:TEST(distanciaTotalTEST, viajeDesordenado){
        1:    8:    gps p1 = puntoGps(-33, -34);
        1:    8-block  0
call    0 returned 1
branch  1 taken 1 (fallthrough)
branch  2 taken 0 (throw)
        1:    9:    gps p2 = desviarPunto(p1, 2000, 0);
        1:    9-block  0
call    0 returned 1
branch  1 taken 1 (fallthrough)
branch  2 taken 0 (throw)
        1:   10:    gps p3 = desviarPunto(p2, 2000, 0);
        1:   10-block  0
call    0 returned 1
branch  1 taken 1 (fallthrough)
branch  2 taken 0 (throw)
        -:   11:
        -:   12:    viaje v = {medicion(1.6, p2),
        -:   13:               medicion(1.5, p1),
        1:   14:               medicion(1.7, p3)};
        1:   14-block  0
call    0 returned 1
branch  1 taken 1 (fallthrough)
branch  2 taken 0 (throw)
        1:   14-block  1
call    3 returned 1
branch  4 taken 1 (fallthrough)
branch  5 taken 0 (throw)
        1:   14-block  2
call    6 returned 1
branch  7 taken 1 (fallthrough)
branch  8 taken 0 (throw)
        1:   14-block  3
call    9 returned 1
call   10 returned 1
branch 11 taken 1 (fallthrough)
branch 12 taken 0 (throw)
    $$$$$:   14-block  4
    $$$$$:   14-block  5
        -:   15:
       2*:   16:    EXPECT_NEAR(distanciaTotal(v), 4.0, 0.01);
call    0 returned 1
branch  1 taken 1 (fallthrough)
branch  2 taken 0 (throw)
        1:   16-block  0
call    3 returned 1
branch  4 taken 1 (fallthrough)
branch  5 taken 0 (throw)
        1:   16-block  1
call    6 returned 1
branch  7 taken 1 (fallthrough)
branch  8 taken 0 (throw)
call    9 returned 1
branch 10 taken 0 (fallthrough)
branch 11 taken 1
    %%%%%:   16-block  2
call   12 never executed
branch 13 never executed
branch 14 never executed
    %%%%%:   16-block  3
call   15 never executed
branch 16 never executed
branch 17 never executed
    %%%%%:   16-block  4
call   18 never executed
branch 19 never executed
branch 20 never executed
    %%%%%:   16-block  5
call   21 never executed
branch 22 never executed
branch 23 never executed
    %%%%%:   16-block  6
call   24 never executed
call   25 never executed
        1:   16-block  7
call   26 returned 1
    $$$$$:   16-block  8
    $$$$$:   16-block  9
call   27 never executed
    $$$$$:   16-block 10
    $$$$$:   16-block 11
call   28 never executed
    $$$$$:   16-block 12
    $$$$$:   16-block 13
call   29 never executed
        1:   17:}
call    0 returned 1
    $$$$$:   17-block  0
call    1 never executed
------------------
_ZN40distanciaTotalTEST_viajeDesordenado_TestC1Ev:
function _ZN40distanciaTotalTEST_viajeDesordenado_TestC1Ev called 1 returned 100% blocks executed 100%
        1:    7:TEST(distanciaTotalTEST, viajeDesordenado){
        1:    7-block  0
call    0 returned 1
------------------
        -:   18:
