        -:    0:Source:D:/malen/Deskpot/TPI/testEnunciado/flotaTEST.cpp
        -:    0:Graph:D:\malen\Deskpot\TPI\cmake-build-debug\CMakeFiles\tpi.dir\testEnunciado\flotaTEST.gcno
        -:    0:Data:D:\malen\Deskpot\TPI\cmake-build-debug\CMakeFiles\tpi.dir\testEnunciado\flotaTEST.gcda
        -:    0:Runs:1
        -:    1:#include "../ejercicios.h"
        -:    2:#include "../auxiliares.h"
        -:    3:#include "gtest/gtest.h"
        -:    4:
        -:    5:using namespace std;
        -:    6:
        -:    7:vector<viaje> f = {{
        -:    8:                   medicion(1.5,puntoGps(2.5, 2.89996)),
        -:    9:                   medicion(1.7,puntoGps(2.5, 2.89997)),
        -:   10:                   medicion(1.9,puntoGps(2.5, 2.89998))},
        -:   11:                   {
        -:   12:                    medicion(2.5,puntoGps(2.5, 2.89996)),
        -:   13:                    medicion(2.6,puntoGps(2.5, 2.89997)),
        -:   14:                    medicion(2.7,puntoGps(2.5, 2.89998))},
        -:   15:                   {
        -:   16:                    medicion(0.5,puntoGps(2.5, 2.89996)),
        -:   17:                    medicion(0.6,puntoGps(2.5, 2.89997)),
        -:   18:                    medicion(0.7,puntoGps(2.5, 2.89998))},
        -:   19:                   };
        -:   20:
        2:   21:TEST(flotaTotalTEST, todosAntesDeFranja){
       1*:   22:    EXPECT_EQ(flota(f,3.0,5.0),0);
        1:   23:}
------------------
_ZN38flotaTotalTEST_todosAntesDeFranja_Test8TestBodyEv:
function _ZN38flotaTotalTEST_todosAntesDeFranja_Test8TestBodyEv called 1 returned 100% blocks executed 29%
        1:   21:TEST(flotaTotalTEST, todosAntesDeFranja){
       1*:   22:    EXPECT_EQ(flota(f,3.0,5.0),0);
        1:   22-block  0
call    0 returned 1
branch  1 taken 1 (fallthrough)
branch  2 taken 0 (throw)
        1:   22-block  1
call    3 returned 1
branch  4 taken 1 (fallthrough)
branch  5 taken 0 (throw)
        1:   22-block  2
call    6 returned 1
branch  7 taken 1 (fallthrough)
branch  8 taken 0 (throw)
        1:   22-block  3
call    9 returned 1
call   10 returned 1
branch 11 taken 0 (fallthrough)
branch 12 taken 1
    %%%%%:   22-block  4
call   13 never executed
branch 14 never executed
branch 15 never executed
    %%%%%:   22-block  5
call   16 never executed
branch 17 never executed
branch 18 never executed
    %%%%%:   22-block  6
call   19 never executed
branch 20 never executed
branch 21 never executed
    %%%%%:   22-block  7
call   22 never executed
branch 23 never executed
branch 24 never executed
    %%%%%:   22-block  8
call   25 never executed
call   26 never executed
        1:   22-block  9
call   27 returned 1
    $$$$$:   22-block 10
    $$$$$:   22-block 11
    $$$$$:   22-block 12
    $$$$$:   22-block 13
call   28 never executed
    $$$$$:   22-block 14
    $$$$$:   22-block 15
call   29 never executed
    $$$$$:   22-block 16
    $$$$$:   22-block 17
call   30 never executed
        1:   23:}
------------------
_ZN38flotaTotalTEST_todosAntesDeFranja_TestC1Ev:
function _ZN38flotaTotalTEST_todosAntesDeFranja_TestC1Ev called 1 returned 100% blocks executed 100%
        1:   21:TEST(flotaTotalTEST, todosAntesDeFranja){
        1:   21-block  0
call    0 returned 1
------------------
        -:   24:
        2:   25:TEST(flotaTotalTEST, AlgunosAdentro){
       1*:   26:    EXPECT_EQ(flota(f, 1.8,2.55),2);
        1:   27:}
------------------
_ZN34flotaTotalTEST_AlgunosAdentro_Test8TestBodyEv:
function _ZN34flotaTotalTEST_AlgunosAdentro_Test8TestBodyEv called 1 returned 100% blocks executed 29%
        1:   25:TEST(flotaTotalTEST, AlgunosAdentro){
       1*:   26:    EXPECT_EQ(flota(f, 1.8,2.55),2);
        1:   26-block  0
call    0 returned 1
branch  1 taken 1 (fallthrough)
branch  2 taken 0 (throw)
        1:   26-block  1
call    3 returned 1
branch  4 taken 1 (fallthrough)
branch  5 taken 0 (throw)
        1:   26-block  2
call    6 returned 1
branch  7 taken 1 (fallthrough)
branch  8 taken 0 (throw)
        1:   26-block  3
call    9 returned 1
call   10 returned 1
branch 11 taken 0 (fallthrough)
branch 12 taken 1
    %%%%%:   26-block  4
call   13 never executed
branch 14 never executed
branch 15 never executed
    %%%%%:   26-block  5
call   16 never executed
branch 17 never executed
branch 18 never executed
    %%%%%:   26-block  6
call   19 never executed
branch 20 never executed
branch 21 never executed
    %%%%%:   26-block  7
call   22 never executed
branch 23 never executed
branch 24 never executed
    %%%%%:   26-block  8
call   25 never executed
call   26 never executed
        1:   26-block  9
call   27 returned 1
    $$$$$:   26-block 10
    $$$$$:   26-block 11
    $$$$$:   26-block 12
    $$$$$:   26-block 13
call   28 never executed
    $$$$$:   26-block 14
    $$$$$:   26-block 15
call   29 never executed
    $$$$$:   26-block 16
    $$$$$:   26-block 17
call   30 never executed
        1:   27:}
------------------
_ZN34flotaTotalTEST_AlgunosAdentro_TestC1Ev:
function _ZN34flotaTotalTEST_AlgunosAdentro_TestC1Ev called 1 returned 100% blocks executed 100%
        1:   25:TEST(flotaTotalTEST, AlgunosAdentro){
        1:   25-block  0
call    0 returned 1
------------------
        -:   28:
