        -:    0:Source:D:/malen/Deskpot/TPI/main.cpp
        -:    0:Graph:D:\malen\Deskpot\TPI\cmake-build-debug\CMakeFiles\tpi.dir\main.gcno
        -:    0:Data:D:\malen\Deskpot\TPI\cmake-build-debug\CMakeFiles\tpi.dir\main.gcda
        -:    0:Runs:1
        -:    1:#include <iostream>
        -:    2:#include "gtest/gtest.h"
        -:    3:#include "ejercicios.h"
        -:    4:#include "auxiliares.h"
        -:    5:
function main called 1 returned 100% blocks executed 100%
        1:    6:int main(int argc, char **argv) {
        1:    7:    std::cout << "Implementando TPI!!" << std::endl;
        1:    7-block  0
call    0 returned 1
call    1 returned 1
        1:    8:    testing::InitGoogleTest(&argc, argv);
call    0 returned 1
        -:    9:
        1:   10:    return RUN_ALL_TESTS();;
call    0 returned 1
        -:   11:}
