        -:    0:Source:D:/malen/Deskpot/TPI/testGrupo/recorridoNoCubiertoTESTGP.h
        -:    0:Graph:D:\malen\Deskpot\TPI\cmake-build-debug\CMakeFiles\tpi.dir\testGrupo\recorridoNoCubiertoTESTGP.gcno
        -:    0:Data:D:\malen\Deskpot\TPI\cmake-build-debug\CMakeFiles\tpi.dir\testGrupo\recorridoNoCubiertoTESTGP.gcda
        -:    0:Runs:1
        -:    1://
        -:    2:// Created by Jeremias on 9/6/2022.
        -:    3://
        -:    4:
        -:    5:#ifndef TPI_RECORRIDONOCUBIERTOTESTGP_H
        -:    6:#define TPI_RECORRIDONOCUBIERTOTESTGP_H
        -:    7:
        -:    8:#endif //TPI_RECORRIDONOCUBIERTOTESTGP_H
        -:    9:
        -:   10:#include "../ejercicios.h"
        -:   11:#include "../auxiliares.h"
        -:   12:#include "gtest/gtest.h"
        -:   13:
        -:   14:template<typename T>
function _Z8includedISt5tupleIJddEEEbT_St6vectorIS2_SaIS2_EE called 0 returned 0% blocks executed 0%
    #####:   15:bool included(T elem, vector<T> container){
    #####:   16:    for (int i = 0; i < container.size(); ++i) {
    %%%%%:   16-block  0
    %%%%%:   16-block  1
    %%%%%:   16-block  2
call    0 never executed
branch  1 never executed
branch  2 never executed
    #####:   17:        if (container[i] == elem){return true;}
    %%%%%:   17-block  0
call    0 never executed
call    1 never executed
branch  2 never executed
branch  3 never executed
    %%%%%:   17-block  1
        -:   18:    }
    #####:   19:    return false;
    %%%%%:   19-block  0
        -:   20:}
        -:   21:
        -:   22:template<typename T>
function _Z15ASSERT_ELEMENTSISt5tupleIJddEEEvSt6vectorIT_SaIS3_EES5_ called 0 returned 0% blocks executed 0%
    #####:   23:void ASSERT_ELEMENTS(vector<T> container, vector<T> elems) {
    #####:   24:    for(int i = 0; i < elems.size(); i++ ) {
    %%%%%:   24-block  0
    %%%%%:   24-block  1
    %%%%%:   24-block  2
call    0 never executed
branch  1 never executed
branch  2 never executed
    #####:   25:        ASSERT_TRUE(included(elems[i], container));
    %%%%%:   25-block  0
call    0 never executed
branch  1 never executed
branch  2 never executed
    %%%%%:   25-block  1
call    3 never executed
call    4 never executed
branch  5 never executed
branch  6 never executed
    %%%%%:   25-block  2
call    7 never executed
branch  8 never executed
branch  9 never executed
    %%%%%:   25-block  3
call   10 never executed
call   11 never executed
branch 12 never executed
branch 13 never executed
    %%%%%:   25-block  4
call   14 never executed
branch 15 never executed
branch 16 never executed
    %%%%%:   25-block  5
call   17 never executed
branch 18 never executed
branch 19 never executed
    %%%%%:   25-block  6
call   20 never executed
call   21 never executed
branch 22 never executed
branch 23 never executed
    %%%%%:   25-block  7
call   24 never executed
branch 25 never executed
branch 26 never executed
    %%%%%:   25-block  8
call   27 never executed
call   28 never executed
call   29 never executed
    %%%%%:   25-block  9
    %%%%%:   25-block 10
call   30 never executed
branch 31 never executed
branch 32 never executed
    $$$$$:   25-block 11
    $$$$$:   25-block 12
    $$$$$:   25-block 13
call   33 never executed
    $$$$$:   25-block 14
    $$$$$:   25-block 15
call   34 never executed
    $$$$$:   25-block 16
    $$$$$:   25-block 17
call   35 never executed
    $$$$$:   25-block 18
    $$$$$:   25-block 19
call   36 never executed
        -:   26:    }
        -:   27:
        -:   28:}
