        -:    0:Source:D:/malen/Deskpot/TPI/testEnunciado/tiempoTotalTEST.cpp
        -:    0:Graph:D:\malen\Deskpot\TPI\cmake-build-debug\CMakeFiles\tpi.dir\testEnunciado\tiempoTotalTEST.gcno
        -:    0:Data:D:\malen\Deskpot\TPI\cmake-build-debug\CMakeFiles\tpi.dir\testEnunciado\tiempoTotalTEST.gcda
        -:    0:Runs:1
        -:    1:#include "../ejercicios.h"
        -:    2:#include "../auxiliares.h"
        -:    3:#include "gtest/gtest.h"
        -:    4:
        -:    5:using namespace std;
        -:    6:
        -:    7:const gps P = puntoGps(-33.5, -58.89996);
        -:    8:
        -:    9:
        2:   10:TEST(tiempoTotalTEST, viajeLargo){
        -:   11:    viaje v = {medicion(1.1, P),
        -:   12:               medicion(1.5, P),
        -:   13:               medicion(1.2, P),
        -:   14:               medicion(2.2, P),
        -:   15:               medicion(2.3, P),
        -:   16:               medicion(5.2, P),
        -:   17:               medicion(5.4, P),
        -:   18:               medicion(5.5, P),
        -:   19:               medicion(7.2, P),
        1:   20:               medicion(1.9, P)};
       2*:   21:    EXPECT_DOUBLE_EQ(tiempoTotal(v),6.1);
        1:   22:}
------------------
_ZN31tiempoTotalTEST_viajeLargo_Test8TestBodyEv:
function _ZN31tiempoTotalTEST_viajeLargo_Test8TestBodyEv called 1 returned 100% blocks executed 40%
        1:   10:TEST(tiempoTotalTEST, viajeLargo){
        -:   11:    viaje v = {medicion(1.1, P),
        -:   12:               medicion(1.5, P),
        -:   13:               medicion(1.2, P),
        -:   14:               medicion(2.2, P),
        -:   15:               medicion(2.3, P),
        -:   16:               medicion(5.2, P),
        -:   17:               medicion(5.4, P),
        -:   18:               medicion(5.5, P),
        -:   19:               medicion(7.2, P),
        1:   20:               medicion(1.9, P)};
        1:   20-block  0
call    0 returned 1
branch  1 taken 1 (fallthrough)
branch  2 taken 0 (throw)
        1:   20-block  1
call    3 returned 1
branch  4 taken 1 (fallthrough)
branch  5 taken 0 (throw)
        1:   20-block  2
call    6 returned 1
branch  7 taken 1 (fallthrough)
branch  8 taken 0 (throw)
        1:   20-block  3
call    9 returned 1
branch 10 taken 1 (fallthrough)
branch 11 taken 0 (throw)
        1:   20-block  4
call   12 returned 1
branch 13 taken 1 (fallthrough)
branch 14 taken 0 (throw)
        1:   20-block  5
call   15 returned 1
branch 16 taken 1 (fallthrough)
branch 17 taken 0 (throw)
        1:   20-block  6
call   18 returned 1
branch 19 taken 1 (fallthrough)
branch 20 taken 0 (throw)
        1:   20-block  7
call   21 returned 1
branch 22 taken 1 (fallthrough)
branch 23 taken 0 (throw)
        1:   20-block  8
call   24 returned 1
branch 25 taken 1 (fallthrough)
branch 26 taken 0 (throw)
        1:   20-block  9
call   27 returned 1
branch 28 taken 1 (fallthrough)
branch 29 taken 0 (throw)
        1:   20-block 10
call   30 returned 1
call   31 returned 1
branch 32 taken 1 (fallthrough)
branch 33 taken 0 (throw)
    $$$$$:   20-block 11
    $$$$$:   20-block 12
       2*:   21:    EXPECT_DOUBLE_EQ(tiempoTotal(v),6.1);
call    0 returned 1
branch  1 taken 1 (fallthrough)
branch  2 taken 0 (throw)
        1:   21-block  0
call    3 returned 1
branch  4 taken 1 (fallthrough)
branch  5 taken 0 (throw)
        1:   21-block  1
call    6 returned 1
branch  7 taken 1 (fallthrough)
branch  8 taken 0 (throw)
call    9 returned 1
branch 10 taken 0 (fallthrough)
branch 11 taken 1
    %%%%%:   21-block  2
call   12 never executed
branch 13 never executed
branch 14 never executed
    %%%%%:   21-block  3
call   15 never executed
branch 16 never executed
branch 17 never executed
    %%%%%:   21-block  4
call   18 never executed
branch 19 never executed
branch 20 never executed
    %%%%%:   21-block  5
call   21 never executed
branch 22 never executed
branch 23 never executed
    %%%%%:   21-block  6
call   24 never executed
call   25 never executed
        1:   21-block  7
call   26 returned 1
    $$$$$:   21-block  8
    $$$$$:   21-block  9
call   27 never executed
    $$$$$:   21-block 10
    $$$$$:   21-block 11
call   28 never executed
    $$$$$:   21-block 12
    $$$$$:   21-block 13
call   29 never executed
        1:   22:}
call    0 returned 1
    $$$$$:   22-block  0
call    1 never executed
------------------
_ZN31tiempoTotalTEST_viajeLargo_TestC1Ev:
function _ZN31tiempoTotalTEST_viajeLargo_TestC1Ev called 1 returned 100% blocks executed 100%
        1:   10:TEST(tiempoTotalTEST, viajeLargo){
        1:   10-block  0
call    0 returned 1
------------------
        -:   23:
